<?xml version="1.0" encoding="UTF-8"?>
<testng-results ignored="0" total="1" passed="1" failed="0" skipped="0">
  <reporter-output>
  </reporter-output>
  <suite started-at="2019-07-25T19:55:58Z" name="Default suite" finished-at="2019-07-25T19:55:58Z" duration-ms="28">
    <groups>
    </groups>
    <test started-at="2019-07-25T19:55:58Z" name="Default test" finished-at="2019-07-25T19:55:58Z" duration-ms="28">
      <class name="sampleTestNGPractice.FirstTestNGcls">
        <test-method signature="Testcase02()[pri:0, instance:sampleTestNGPractice.FirstTestNGcls@7920ba90]" started-at="2019-07-25T19:55:58Z" name="Testcase02" finished-at="2019-07-25T19:55:58Z" duration-ms="0" status="PASS">
          <reporter-output>
          </reporter-output>
        </test-method> <!-- Testcase02 -->
      </class> <!-- sampleTestNGPractice.FirstTestNGcls -->
    </test> <!-- Default test -->
  </suite> <!-- Default suite -->
</testng-results>
