<?xml version="1.0" encoding="UTF-8"?>
<testng-results ignored="0" total="1" passed="1" failed="0" skipped="0">
  <reporter-output>
  </reporter-output>
  <suite started-at="2019-08-19T11:40:27Z" name="Default suite" finished-at="2019-08-19T11:40:33Z" duration-ms="6382">
    <groups>
    </groups>
    <test started-at="2019-08-19T11:40:27Z" name="Default test" finished-at="2019-08-19T11:40:33Z" duration-ms="6382">
      <class name="sampleTestNGPractice.FirstTestNGcls">
        <test-method is-config="true" signature="hello()[pri:0, instance:sampleTestNGPractice.FirstTestNGcls@78dd667e]" started-at="2019-08-19T11:40:04Z" name="hello" finished-at="2019-08-19T11:40:27Z" duration-ms="23159" status="PASS">
          <reporter-output>
          </reporter-output>
        </test-method> <!-- hello -->
        <test-method is-config="true" signature="helloMethod()[pri:0, instance:sampleTestNGPractice.FirstTestNGcls@78dd667e]" started-at="2019-08-19T11:40:27Z" name="helloMethod" finished-at="2019-08-19T11:40:27Z" duration-ms="114" status="PASS">
          <reporter-output>
          </reporter-output>
        </test-method> <!-- helloMethod -->
        <test-method signature="stest()[pri:0, instance:sampleTestNGPractice.FirstTestNGcls@78dd667e]" started-at="2019-08-19T11:40:27Z" name="stest" finished-at="2019-08-19T11:40:27Z" duration-ms="73" status="PASS">
          <reporter-output>
          </reporter-output>
        </test-method> <!-- stest -->
        <test-method is-config="true" signature="SwithWindow()[pri:0, instance:sampleTestNGPractice.FirstTestNGcls@78dd667e]" started-at="2019-08-19T11:40:27Z" name="SwithWindow" finished-at="2019-08-19T11:40:33Z" duration-ms="6172" status="PASS">
          <reporter-output>
          </reporter-output>
        </test-method> <!-- SwithWindow -->
        <test-method is-config="true" signature="As1()[pri:0, instance:sampleTestNGPractice.FirstTestNGcls@78dd667e]" started-at="2019-08-19T11:40:33Z" name="As1" finished-at="2019-08-19T11:40:34Z" duration-ms="655" status="PASS">
          <reporter-output>
          </reporter-output>
        </test-method> <!-- As1 -->
      </class> <!-- sampleTestNGPractice.FirstTestNGcls -->
    </test> <!-- Default test -->
  </suite> <!-- Default suite -->
</testng-results>
